This is pdfTeX, Version 3.14159265-2.6-1.40.19 (MiKTeX 2.9.6930 64-bit) (preloaded format=pdflatex 2019.2.10)  4 DEC 2019 00:18
entering extended mode
**./cooperative.tex
(cooperative.tex
LaTeX2e <2018-12-01>

("C:\Users\Astha Gupta\AppData\Local\Programs\MiKTeX 2.9\tex/latex/base\article
.cls"
Document Class: article 2018/09/03 v1.4i Standard LaTeX document class

("C:\Users\Astha Gupta\AppData\Local\Programs\MiKTeX 2.9\tex/latex/base\size10.
clo"
File: size10.clo 2018/09/03 v1.4i Standard LaTeX file (size option)
)
\c@part=\count80
\c@section=\count81
\c@subsection=\count82
\c@subsubsection=\count83
\c@paragraph=\count84
\c@subparagraph=\count85
\c@figure=\count86
\c@table=\count87
\abovecaptionskip=\skip41
\belowcaptionskip=\skip42
\bibindent=\dimen102
)
("C:\Users\Astha Gupta\AppData\Local\Programs\MiKTeX 2.9\tex/latex/geometry\geo
metry.sty"
Package: geometry 2018/04/16 v5.8 Page Geometry

("C:\Users\Astha Gupta\AppData\Local\Programs\MiKTeX 2.9\tex/latex/graphics\key
val.sty"
Package: keyval 2014/10/28 v1.15 key=value parser (DPC)
\KV@toks@=\toks14
)
("C:\Users\Astha Gupta\AppData\Local\Programs\MiKTeX 2.9\tex/generic/oberdiek\i
fpdf.sty"
Package: ifpdf 2018/09/07 v3.3 Provides the ifpdf switch
)
("C:\Users\Astha Gupta\AppData\Local\Programs\MiKTeX 2.9\tex/generic/oberdiek\i
fvtex.sty"
Package: ifvtex 2016/05/16 v1.6 Detect VTeX and its facilities (HO)
Package ifvtex Info: VTeX not detected.
)
("C:\Users\Astha Gupta\AppData\Local\Programs\MiKTeX 2.9\tex/generic/ifxetex\if
xetex.sty"
Package: ifxetex 2010/09/12 v0.6 Provides ifxetex conditional
)
\Gm@cnth=\count88
\Gm@cntv=\count89
\c@Gm@tempcnt=\count90
\Gm@bindingoffset=\dimen103
\Gm@wd@mp=\dimen104
\Gm@odd@mp=\dimen105
\Gm@even@mp=\dimen106
\Gm@layoutwidth=\dimen107
\Gm@layoutheight=\dimen108
\Gm@layouthoffset=\dimen109
\Gm@layoutvoffset=\dimen110
\Gm@dimlist=\toks15

("C:\Users\Astha Gupta\AppData\Local\Programs\MiKTeX 2.9\tex/latex/geometry\geo
metry.cfg"))
("C:\Users\Astha Gupta\AppData\Local\Programs\MiKTeX 2.9\tex/latex/base\makeidx
.sty"
Package: makeidx 2014/09/29 v1.0m Standard LaTeX package
)
("C:\Users\Astha Gupta\AppData\Local\Programs\MiKTeX 2.9\tex/latex/graphics\gra
phicx.sty"
Package: graphicx 2017/06/01 v1.1a Enhanced LaTeX Graphics (DPC,SPQR)

("C:\Users\Astha Gupta\AppData\Local\Programs\MiKTeX 2.9\tex/latex/graphics\gra
phics.sty"
Package: graphics 2017/06/25 v1.2c Standard LaTeX Graphics (DPC,SPQR)

("C:\Users\Astha Gupta\AppData\Local\Programs\MiKTeX 2.9\tex/latex/graphics\tri
g.sty"
Package: trig 2016/01/03 v1.10 sin cos tan (DPC)
)
("C:\Users\Astha Gupta\AppData\Local\Programs\MiKTeX 2.9\tex/latex/graphics-cfg
\graphics.cfg"
File: graphics.cfg 2016/06/04 v1.11 sample graphics configuration
)
Package graphics Info: Driver file: pdftex.def on input line 99.

("C:\Users\Astha Gupta\AppData\Local\Programs\MiKTeX 2.9\tex/latex/graphics-def
\pdftex.def"
File: pdftex.def 2018/01/08 v1.0l Graphics/color driver for pdftex
))
\Gin@req@height=\dimen111
\Gin@req@width=\dimen112
)
("C:\Users\Astha Gupta\AppData\Local\Programs\MiKTeX 2.9\tex/latex/graphics\col
or.sty"
Package: color 2016/07/10 v1.1e Standard LaTeX Color (DPC)

("C:\Users\Astha Gupta\AppData\Local\Programs\MiKTeX 2.9\tex/latex/graphics-cfg
\color.cfg"
File: color.cfg 2016/01/02 v1.6 sample color configuration
)
Package color Info: Driver file: pdftex.def on input line 147.
)
("C:\Users\Astha Gupta\AppData\Local\Programs\MiKTeX 2.9\tex/latex/tools\multic
ol.sty"
Package: multicol 2018/11/09 v1.8u multicolumn formatting (FMi)
\c@tracingmulticols=\count91
\mult@box=\box27
\multicol@leftmargin=\dimen113
\c@unbalance=\count92
\c@collectmore=\count93
\doublecol@number=\count94
\multicoltolerance=\count95
\multicolpretolerance=\count96
\full@width=\dimen114
\page@free=\dimen115
\premulticols=\dimen116
\postmulticols=\dimen117
\multicolsep=\skip43
\multicolbaselineskip=\skip44
\partial@page=\box28
\last@line=\box29
\maxbalancingoverflow=\dimen118
\mult@rightbox=\box30
\mult@grightbox=\box31
\mult@gfirstbox=\box32
\mult@firstbox=\box33
\@tempa=\box34
\@tempa=\box35
\@tempa=\box36
\@tempa=\box37
\@tempa=\box38
\@tempa=\box39
\@tempa=\box40
\@tempa=\box41
\@tempa=\box42
\@tempa=\box43
\@tempa=\box44
\@tempa=\box45
\@tempa=\box46
\@tempa=\box47
\@tempa=\box48
\@tempa=\box49
\@tempa=\box50
\c@columnbadness=\count97
\c@finalcolumnbadness=\count98
\last@try=\dimen119
\multicolovershoot=\dimen120
\multicolundershoot=\dimen121
\mult@nat@firstbox=\box51
\colbreak@box=\box52
\mc@col@check@num=\count99
)
("C:\Users\Astha Gupta\AppData\Local\Programs\MiKTeX 2.9\tex/latex/footmisc\foo
tmisc.sty"
Package: footmisc 2011/06/06 v5.5b a miscellany of footnote facilities
\FN@temptoken=\toks16
\footnotemargin=\dimen122
\c@pp@next@reset=\count100
Package footmisc Info: Declaring symbol style bringhurst on input line 855.
Package footmisc Info: Declaring symbol style chicago on input line 863.
Package footmisc Info: Declaring symbol style wiley on input line 872.
Package footmisc Info: Declaring symbol style lamport-robust on input line 883.

Package footmisc Info: Declaring symbol style lamport* on input line 903.
Package footmisc Info: Declaring symbol style lamport*-robust on input line 924
.
)
("C:\Users\Astha Gupta\AppData\Local\Programs\MiKTeX 2.9\tex/latex/amsfonts\ams
symb.sty"
Package: amssymb 2013/01/14 v3.01 AMS font symbols

("C:\Users\Astha Gupta\AppData\Local\Programs\MiKTeX 2.9\tex/latex/amsfonts\ams
fonts.sty"
Package: amsfonts 2013/01/14 v3.01 Basic AMSFonts support
\@emptytoks=\toks17
\symAMSa=\mathgroup4
\symAMSb=\mathgroup5
LaTeX Font Info:    Overwriting math alphabet `\mathfrak' in version `bold'
(Font)                  U/euf/m/n --> U/euf/b/n on input line 106.
))
("C:\Users\Astha Gupta\AppData\Local\Programs\MiKTeX 2.9\tex/latex/amsmath\amsm
ath.sty"
Package: amsmath 2018/12/01 v2.17b AMS math features
\@mathmargin=\skip45

For additional information on amsmath, use the `?' option.

("C:\Users\Astha Gupta\AppData\Local\Programs\MiKTeX 2.9\tex/latex/amsmath\amst
ext.sty"
Package: amstext 2000/06/29 v2.01 AMS text

("C:\Users\Astha Gupta\AppData\Local\Programs\MiKTeX 2.9\tex/latex/amsmath\amsg
en.sty"
File: amsgen.sty 1999/11/30 v2.0 generic functions
\@emptytoks=\toks18
\ex@=\dimen123
))
("C:\Users\Astha Gupta\AppData\Local\Programs\MiKTeX 2.9\tex/latex/amsmath\amsb
sy.sty"
Package: amsbsy 1999/11/29 v1.2d Bold Symbols
\pmbraise@=\dimen124
)
("C:\Users\Astha Gupta\AppData\Local\Programs\MiKTeX 2.9\tex/latex/amsmath\amso
pn.sty"
Package: amsopn 2016/03/08 v2.02 operator names
)
\inf@bad=\count101
LaTeX Info: Redefining \frac on input line 223.
\uproot@=\count102
\leftroot@=\count103
LaTeX Info: Redefining \overline on input line 385.
\classnum@=\count104
\DOTSCASE@=\count105
LaTeX Info: Redefining \ldots on input line 482.
LaTeX Info: Redefining \dots on input line 485.
LaTeX Info: Redefining \cdots on input line 606.
\Mathstrutbox@=\box53
\strutbox@=\box54
\big@size=\dimen125
LaTeX Font Info:    Redeclaring font encoding OML on input line 729.
LaTeX Font Info:    Redeclaring font encoding OMS on input line 730.
\macc@depth=\count106
\c@MaxMatrixCols=\count107
\dotsspace@=\muskip10
\c@parentequation=\count108
\dspbrk@lvl=\count109
\tag@help=\toks19
\row@=\count110
\column@=\count111
\maxfields@=\count112
\andhelp@=\toks20
\eqnshift@=\dimen126
\alignsep@=\dimen127
\tagshift@=\dimen128
\tagwidth@=\dimen129
\totwidth@=\dimen130
\lineht@=\dimen131
\@envbody=\toks21
\multlinegap=\skip46
\multlinetaggap=\skip47
\mathdisplay@stack=\toks22
LaTeX Info: Redefining \[ on input line 2844.
LaTeX Info: Redefining \] on input line 2845.
)
("C:\Users\Astha Gupta\AppData\Local\Programs\MiKTeX 2.9\tex/latex/psnfss\pifon
t.sty"
Package: pifont 2005/04/12 PSNFSS-v9.2a Pi font support (SPQR) 
LaTeX Font Info:    Try loading font information for U+pzd on input line 63.

("C:\Users\Astha Gupta\AppData\Local\Programs\MiKTeX 2.9\tex/latex/psnfss\upzd.
fd"
File: upzd.fd 2001/06/04 font definitions for U/pzd.
)
LaTeX Font Info:    Try loading font information for U+psy on input line 64.

("C:\Users\Astha Gupta\AppData\Local\Programs\MiKTeX 2.9\tex/latex/psnfss\upsy.
fd"
File: upsy.fd 2001/06/04 font definitions for U/psy.
))
("C:\Users\Astha Gupta\AppData\Local\Programs\MiKTeX 2.9\tex/latex/tools\bm.sty
"
Package: bm 2017/01/16 v1.2c Bold Symbol Support (DPC/FMi)
\symboldoperators=\mathgroup6
\symboldletters=\mathgroup7
\symboldsymbols=\mathgroup8
LaTeX Font Info:    Redeclaring math alphabet \mathbf on input line 141.
LaTeX Info: Redefining \bm on input line 207.
)
("C:\Users\Astha Gupta\AppData\Local\Programs\MiKTeX 2.9\tex/latex/cancel\cance
l.sty"
Package: cancel 2013/04/12 v2.2 Cancel math terms
)
("C:\Users\Astha Gupta\AppData\Local\Programs\MiKTeX 2.9\tex/latex/multirow\mul
tirow.sty"
Package: multirow 2019/01/01 v2.4 Span multiple rows of a table
\multirow@colwidth=\skip48
\multirow@cntb=\count113
\multirow@dima=\skip49
\bigstrutjot=\dimen132
)
("C:\Users\Astha Gupta\AppData\Local\Programs\MiKTeX 2.9\tex/latex/oberdiek\eps
topdf.sty"
Package: epstopdf 2016/05/15 v2.6 Conversion with epstopdf on the fly (HO)

("C:\Users\Astha Gupta\AppData\Local\Programs\MiKTeX 2.9\tex/latex/oberdiek\eps
topdf-base.sty"
Package: epstopdf-base 2016/05/15 v2.6 Base part for package epstopdf

("C:\Users\Astha Gupta\AppData\Local\Programs\MiKTeX 2.9\tex/generic/oberdiek\i
nfwarerr.sty"
Package: infwarerr 2016/05/16 v1.4 Providing info/warning/error messages (HO)
)
("C:\Users\Astha Gupta\AppData\Local\Programs\MiKTeX 2.9\tex/latex/oberdiek\grf
ext.sty"
Package: grfext 2016/05/16 v1.2 Manage graphics extensions (HO)

("C:\Users\Astha Gupta\AppData\Local\Programs\MiKTeX 2.9\tex/generic/oberdiek\k
vdefinekeys.sty"
Package: kvdefinekeys 2016/05/16 v1.4 Define keys (HO)

("C:\Users\Astha Gupta\AppData\Local\Programs\MiKTeX 2.9\tex/generic/oberdiek\l
txcmds.sty"
Package: ltxcmds 2016/05/16 v1.23 LaTeX kernel commands for general use (HO)
)))
("C:\Users\Astha Gupta\AppData\Local\Programs\MiKTeX 2.9\tex/latex/oberdiek\kvo
ptions.sty"
Package: kvoptions 2016/05/16 v3.12 Key value format for package options (HO)

("C:\Users\Astha Gupta\AppData\Local\Programs\MiKTeX 2.9\tex/generic/oberdiek\k
vsetkeys.sty"
Package: kvsetkeys 2016/05/16 v1.17 Key value parser (HO)

("C:\Users\Astha Gupta\AppData\Local\Programs\MiKTeX 2.9\tex/generic/oberdiek\e
texcmds.sty"
Package: etexcmds 2016/05/16 v1.6 Avoid name clashes with e-TeX commands (HO)

("C:\Users\Astha Gupta\AppData\Local\Programs\MiKTeX 2.9\tex/generic/oberdiek\i
fluatex.sty"
Package: ifluatex 2016/05/16 v1.4 Provides the ifluatex switch (HO)
Package ifluatex Info: LuaTeX not detected.
))))
("C:\Users\Astha Gupta\AppData\Local\Programs\MiKTeX 2.9\tex/generic/oberdiek\p
dftexcmds.sty"
Package: pdftexcmds 2018/09/10 v0.29 Utility functions of pdfTeX for LuaTeX (HO
)
Package pdftexcmds Info: LuaTeX not detected.
Package pdftexcmds Info: \pdf@primitive is available.
Package pdftexcmds Info: \pdf@ifprimitive is available.
Package pdftexcmds Info: \pdfdraftmode found.
)
Package epstopdf-base Info: Redefining graphics rule for `.eps' on input line 4
38.
Package grfext Info: Graphics extension search list:
(grfext)             [.pdf,.png,.jpg,.mps,.jpeg,.jbig2,.jb2,.PDF,.PNG,.JPG,.JPE
G,.JBIG2,.JB2,.eps]
(grfext)             \AppendGraphicsExtensions on input line 456.
))
("C:\Users\Astha Gupta\AppData\Local\Programs\MiKTeX 2.9\tex/latex/subfig\subfi
g.sty"
Package: subfig 2005/06/28 ver: 1.3 subfig package

("C:\Users\Astha Gupta\AppData\Local\Programs\MiKTeX 2.9\tex/latex/caption\capt
ion3.sty"
Package: caption3 2019/09/01 v1.8d caption3 kernel (AR)
Package caption3 Info: TeX engine: e-TeX on input line 64.
\captionmargin=\dimen133
\captionmargin@=\dimen134
\captionwidth=\dimen135
\caption@tempdima=\dimen136
\caption@indent=\dimen137
\caption@parindent=\dimen138
\caption@hangindent=\dimen139
)
\c@KVtest=\count114
\sf@farskip=\skip50
\sf@captopadj=\dimen140
\sf@capskip=\skip51
\sf@nearskip=\skip52
\c@subfigure=\count115
\c@subfigure@save=\count116
\c@lofdepth=\count117
\c@subtable=\count118
\c@subtable@save=\count119
\c@lotdepth=\count120
\sf@top=\skip53
\sf@bottom=\skip54
) (cooperative.aux

LaTeX Warning: Label `fig:1a' multiply defined.


LaTeX Warning: Label `sub@fig:1a' multiply defined.


LaTeX Warning: Label `fig:1a' multiply defined.


LaTeX Warning: Label `sub@fig:1a' multiply defined.


LaTeX Warning: Label `fig:1a' multiply defined.


LaTeX Warning: Label `sub@fig:1a' multiply defined.


LaTeX Warning: Label `fig:1a' multiply defined.


LaTeX Warning: Label `sub@fig:1a' multiply defined.


LaTeX Warning: Label `fig:1a' multiply defined.


LaTeX Warning: Label `sub@fig:1a' multiply defined.


LaTeX Warning: Label `fig:1a' multiply defined.


LaTeX Warning: Label `sub@fig:1a' multiply defined.


LaTeX Warning: Label `fig:1a' multiply defined.


LaTeX Warning: Label `sub@fig:1a' multiply defined.


LaTeX Warning: Label `fig:1a' multiply defined.


LaTeX Warning: Label `sub@fig:1a' multiply defined.


LaTeX Warning: Label `fig:1a' multiply defined.


LaTeX Warning: Label `sub@fig:1a' multiply defined.


LaTeX Warning: Label `fig:1a' multiply defined.


LaTeX Warning: Label `sub@fig:1a' multiply defined.


LaTeX Warning: Label `fig:1a' multiply defined.


LaTeX Warning: Label `sub@fig:1a' multiply defined.

)
\openout1 = `cooperative.aux'.

LaTeX Font Info:    Checking defaults for OML/cmm/m/it on input line 42.
LaTeX Font Info:    ... okay on input line 42.
LaTeX Font Info:    Checking defaults for T1/cmr/m/n on input line 42.
LaTeX Font Info:    ... okay on input line 42.
LaTeX Font Info:    Checking defaults for OT1/cmr/m/n on input line 42.
LaTeX Font Info:    ... okay on input line 42.
LaTeX Font Info:    Checking defaults for OMS/cmsy/m/n on input line 42.
LaTeX Font Info:    ... okay on input line 42.
LaTeX Font Info:    Checking defaults for OMX/cmex/m/n on input line 42.
LaTeX Font Info:    ... okay on input line 42.
LaTeX Font Info:    Checking defaults for U/cmr/m/n on input line 42.
LaTeX Font Info:    ... okay on input line 42.

*geometry* driver: auto-detecting
*geometry* detected driver: pdftex
*geometry* verbose mode - [ preamble ] result:
* driver: pdftex
* paper: <default>
* layout: <same size as paper>
* layoutoffset:(h,v)=(0.0pt,0.0pt)
* modes: 
* h-part:(L,W,R)=(85.35826pt, 443.57848pt, 85.35826pt)
* v-part:(T,H,B)=(56.9055pt, 681.15898pt, 56.9055pt)
* \paperwidth=614.295pt
* \paperheight=794.96999pt
* \textwidth=443.57848pt
* \textheight=681.15898pt
* \oddsidemargin=13.08827pt
* \evensidemargin=13.08827pt
* \topmargin=-52.36449pt
* \headheight=12.0pt
* \headsep=25.0pt
* \topskip=10.0pt
* \footskip=30.0pt
* \marginparwidth=65.0pt
* \marginparsep=11.0pt
* \columnsep=10.0pt
* \skip\footins=9.0pt plus 4.0pt minus 2.0pt
* \hoffset=0.0pt
* \voffset=0.0pt
* \mag=1000
* \@twocolumnfalse
* \@twosidefalse
* \@mparswitchfalse
* \@reversemarginfalse
* (1in=72.27pt=25.4mm, 1cm=28.453pt)


("C:\Users\Astha Gupta\AppData\Local\Programs\MiKTeX 2.9\tex/context/base\supp-
pdf.mkii"
[Loading MPS to PDF converter (version 2006.09.02).]
\scratchcounter=\count121
\scratchdimen=\dimen141
\scratchbox=\box55
\nofMPsegments=\count122
\nofMParguments=\count123
\everyMPshowfont=\toks23
\MPscratchCnt=\count124
\MPscratchDim=\dimen142
\MPnumerator=\count125
\makeMPintoPDFobject=\count126
\everyMPtoPDFconversion=\toks24
)
Package caption Info: Begin \AtBeginDocument code.
Package caption Info: subfig package v1.3 is loaded.
Package caption Info: End \AtBeginDocument code.
 [1



{C:/Users/Astha Gupta/AppData/Local/MiKTeX/2.9/pdftex/config/pdftex.map}]
LaTeX Font Info:    Try loading font information for U+msa on input line 66.

("C:\Users\Astha Gupta\AppData\Local\Programs\MiKTeX 2.9\tex/latex/amsfonts\ums
a.fd"
File: umsa.fd 2013/01/14 v3.01 AMS symbols A
)
LaTeX Font Info:    Try loading font information for U+msb on input line 66.

("C:\Users\Astha Gupta\AppData\Local\Programs\MiKTeX 2.9\tex/latex/amsfonts\ums
b.fd"
File: umsb.fd 2013/01/14 v3.01 AMS symbols B
)
LaTeX Font Info:    Try loading font information for OMS+cmr on input line 96.

("C:\Users\Astha Gupta\AppData\Local\Programs\MiKTeX 2.9\tex/latex/base\omscmr.
fd"
File: omscmr.fd 2014/09/29 v2.5h Standard LaTeX font definitions
)
LaTeX Font Info:    Font shape `OMS/cmr/m/n' in size <10> not available
(Font)              Font shape `OMS/cmsy/m/n' tried instead on input line 96.
 [1


] [2

]
<Task1/priority_posc/init_rpy/5.jpg, id=24, 1405.25pt x 1053.9375pt>
File: Task1/priority_posc/init_rpy/5.jpg Graphic file (type jpg)
<use Task1/priority_posc/init_rpy/5.jpg>
Package pdftex.def Info: Task1/priority_posc/init_rpy/5.jpg  used on input line
 174.
(pdftex.def)             Requested size: 266.14978pt x 199.60693pt.
<Task1/priority_posc/rpy_45_45_0/5.jpg, id=25, 1405.25pt x 1053.9375pt>
File: Task1/priority_posc/rpy_45_45_0/5.jpg Graphic file (type jpg)
<use Task1/priority_posc/rpy_45_45_0/5.jpg>
Package pdftex.def Info: Task1/priority_posc/rpy_45_45_0/5.jpg  used on input l
ine 175.
(pdftex.def)             Requested size: 266.14978pt x 199.60693pt.
<Task1/priority_ha_off/init_rpy/5.jpg, id=26, 1405.25pt x 1053.9375pt>
File: Task1/priority_ha_off/init_rpy/5.jpg Graphic file (type jpg)
<use Task1/priority_ha_off/init_rpy/5.jpg>
Package pdftex.def Info: Task1/priority_ha_off/init_rpy/5.jpg  used on input li
ne 176.
(pdftex.def)             Requested size: 266.14978pt x 199.60693pt.
<Task1/priority_ha_off/rpy_45_45_0/5.jpg, id=27, 1405.25pt x 1053.9375pt>
File: Task1/priority_ha_off/rpy_45_45_0/5.jpg Graphic file (type jpg)
<use Task1/priority_ha_off/rpy_45_45_0/5.jpg>
Package pdftex.def Info: Task1/priority_ha_off/rpy_45_45_0/5.jpg  used on input
 line 177.
(pdftex.def)             Requested size: 266.14978pt x 199.60693pt.

Overfull \hbox (88.72108pt too wide) in paragraph at lines 174--178
[][] []
 []


Overfull \hbox (88.72108pt too wide) in paragraph at lines 174--178
[] []
 []

<Task1/priority_posc/init_rpy/task1_posc_c.jpg, id=28, 306.24413pt x 335.15213p
t>
File: Task1/priority_posc/init_rpy/task1_posc_c.jpg Graphic file (type jpg)
<use Task1/priority_posc/init_rpy/task1_posc_c.jpg>
Package pdftex.def Info: Task1/priority_posc/init_rpy/task1_posc_c.jpg  used on
 input line 182.
(pdftex.def)             Requested size: 73.18747pt x 80.0955pt.
<Task1/priority_posc/rpy_45_45_0/task1_posc_c.jpg, id=29, 330.93637pt x 341.174
62pt>
File: Task1/priority_posc/rpy_45_45_0/task1_posc_c.jpg Graphic file (type jpg)
<use Task1/priority_posc/rpy_45_45_0/task1_posc_c.jpg>
Package pdftex.def Info: Task1/priority_posc/rpy_45_45_0/task1_posc_c.jpg  used
 on input line 183.
(pdftex.def)             Requested size: 84.28099pt x 86.88644pt.
<Task1/priority_ha_off/init_rpy/task1_c.jpg, id=30, 316.18124pt x 313.47113pt>
File: Task1/priority_ha_off/init_rpy/task1_c.jpg Graphic file (type jpg)
<use Task1/priority_ha_off/init_rpy/task1_c.jpg>
Package pdftex.def Info: Task1/priority_ha_off/init_rpy/task1_c.jpg  used on in
put line 184.
(pdftex.def)             Requested size: 88.71434pt x 87.95306pt.
<Task1/priority_ha_off/rpy_45_45_0/task1_c.jpg, id=31, 340.8735pt x 379.71863pt
>
File: Task1/priority_ha_off/rpy_45_45_0/task1_c.jpg Graphic file (type jpg)
<use Task1/priority_ha_off/rpy_45_45_0/task1_c.jpg>
Package pdftex.def Info: Task1/priority_ha_off/rpy_45_45_0/task1_c.jpg  used on
 input line 185.
(pdftex.def)             Requested size: 66.53406pt x 74.11725pt.
[3 <./Task1/priority_posc/init_rpy/5.jpg> <./Task1/priority_posc/rpy_45_45_0/5.
jpg> <./Task1/priority_ha_off/init_rpy/5.jpg> <./Task1/priority_ha_off/rpy_45_4
5_0/5.jpg> <./Task1/priority_posc/init_rpy/task1_posc_c.jpg> <./Task1/priority_
posc/rpy_45_45_0/task1_posc_c.jpg> <./Task1/priority_ha_off/init_rpy/task1_c.jp
g> <./Task1/priority_ha_off/rpy_45_45_0/task1_c.jpg>]
File: Task1/priority_posc/rpy_45_45_0/5.jpg Graphic file (type jpg)
<use Task1/priority_posc/rpy_45_45_0/5.jpg>
Package pdftex.def Info: Task1/priority_posc/rpy_45_45_0/5.jpg  used on input l
ine 198.
(pdftex.def)             Requested size: 266.14978pt x 199.60693pt.
File: Task1/priority_posc/rpy_45_45_0/task1_posc_c.jpg Graphic file (type jpg)
<use Task1/priority_posc/rpy_45_45_0/task1_posc_c.jpg>
Package pdftex.def Info: Task1/priority_posc/rpy_45_45_0/task1_posc_c.jpg  used
 on input line 199.
(pdftex.def)             Requested size: 172.99533pt x 178.35408pt.
<Task1/priority_posc_ha_switch/rpy_45_45_0/5.jpg, id=36, 1405.25pt x 1053.9375p
t>
File: Task1/priority_posc_ha_switch/rpy_45_45_0/5.jpg Graphic file (type jpg)
<use Task1/priority_posc_ha_switch/rpy_45_45_0/5.jpg>
Package pdftex.def Info: Task1/priority_posc_ha_switch/rpy_45_45_0/5.jpg  used 
on input line 200.
(pdftex.def)             Requested size: 266.14978pt x 199.60693pt.
<Task1/priority_posc_ha_switch/rpy_45_45_0/task1_posc_c.jpg, id=37, 324.31163pt
 x 389.35463pt>
File: Task1/priority_posc_ha_switch/rpy_45_45_0/task1_posc_c.jpg Graphic file (
type jpg)
<use Task1/priority_posc_ha_switch/rpy_45_45_0/task1_posc_c.jpg>
Package pdftex.def Info: Task1/priority_posc_ha_switch/rpy_45_45_0/task1_posc_c
.jpg  used on input line 201.
(pdftex.def)             Requested size: 155.25517pt x 186.39499pt.
 [4 <./Task1/priority_posc_ha_switch/rpy_45_45_0/5.jpg> <./Task1/priority_posc_
ha_switch/rpy_45_45_0/task1_posc_c.jpg>] [5] [6

] [7

] [8

] [9

] [10

] (cooperative.aux)

LaTeX Warning: There were multiply-defined labels.

 ) 
Here is how much of TeX's memory you used:
 4158 strings out of 492946
 65116 string characters out of 3123600
 138323 words of memory out of 3000000
 7936 multiletter control sequences out of 15000+200000
 11063 words of font info for 41 fonts, out of 3000000 for 9000
 1141 hyphenation exceptions out of 8191
 42i,10n,49p,447b,347s stack positions out of 5000i,500n,10000p,200000b,50000s
<C:/Users/Astha Gupta/AppData/Local/Programs/MiKTeX 2.9/fonts/type1/public/am
sfonts/cm/cmbx10.pfb><C:/Users/Astha Gupta/AppData/Local/Programs/MiKTeX 2.9/fo
nts/type1/public/amsfonts/cm/cmbx12.pfb><C:/Users/Astha Gupta/AppData/Local/Pro
grams/MiKTeX 2.9/fonts/type1/public/amsfonts/cm/cmcsc10.pfb><C:/Users/Astha Gup
ta/AppData/Local/Programs/MiKTeX 2.9/fonts/type1/public/amsfonts/cm/cmex10.pfb>
<C:/Users/Astha Gupta/AppData/Local/Programs/MiKTeX 2.9/fonts/type1/public/amsf
onts/cm/cmmi10.pfb><C:/Users/Astha Gupta/AppData/Local/Programs/MiKTeX 2.9/font
s/type1/public/amsfonts/cm/cmmi7.pfb><C:/Users/Astha Gupta/AppData/Local/Progra
ms/MiKTeX 2.9/fonts/type1/public/amsfonts/cm/cmmib10.pfb><C:/Users/Astha Gupta/
AppData/Local/Programs/MiKTeX 2.9/fonts/type1/public/amsfonts/cm/cmr10.pfb><C:/
Users/Astha Gupta/AppData/Local/Programs/MiKTeX 2.9/fonts/type1/public/amsfonts
/cm/cmr7.pfb><C:/Users/Astha Gupta/AppData/Local/Programs/MiKTeX 2.9/fonts/type
1/public/amsfonts/cm/cmr8.pfb><C:/Users/Astha Gupta/AppData/Local/Programs/MiKT
eX 2.9/fonts/type1/public/amsfonts/cm/cmsy10.pfb><C:/Users/Astha Gupta/AppData/
Local/Programs/MiKTeX 2.9/fonts/type1/public/amsfonts/cm/cmsy7.pfb><C:/Users/As
tha Gupta/AppData/Local/Programs/MiKTeX 2.9/fonts/type1/public/amsfonts/cm/cmtt
10.pfb><C:/Users/Astha Gupta/AppData/Local/Programs/MiKTeX 2.9/fonts/type1/publ
ic/amsfonts/symbols/msam10.pfb><C:/Users/Astha Gupta/AppData/Local/Programs/MiK
TeX 2.9/fonts/type1/public/amsfonts/symbols/msbm10.pfb>
Output written on cooperative.pdf (11 pages, 1351096 bytes).
PDF statistics:
 108 PDF objects out of 1000 (max. 8388607)
 0 named destinations out of 1000 (max. 500000)
 51 words of extra memory for PDF output out of 10000 (max. 10000000)

